2012-10-29 09:45:49,141 - INFO main myLog - Trying to load recover file:backup/client.bak
2012-10-29 09:45:49,157 - DEBUG main myLog - find no backup file
2012-10-29 09:45:49,157 - INFO main myLog - Trying to load recover file:backup/null
2012-10-29 09:45:49,157 - DEBUG main myLog - find no backup file
2012-10-29 09:45:49,157 - DEBUG main myLog - gather info begin
2012-10-29 09:45:49,454 - DEBUG main myLog - gather info finish, 总共：4013608行
2012-10-29 09:45:50,422 - ERROR main myLog - Connection refused: connect
2012-10-29 09:45:50,422 - INFO main myLog - Trying to store recover file:client.bak
2012-10-29 09:45:50,751 - INFO main myLog - Finish store
2012-10-29 09:45:50,751 - DEBUG main myLog - client closes socket
2012-10-29 09:47:41,660 - INFO main myLog - Trying to load recover file:backup/client.bak
2012-10-29 09:47:41,957 - DEBUG main myLog - Delete backup file:backup/client.bak
2012-10-29 09:47:41,957 - INFO main myLog - Finish load recover file
2012-10-29 09:47:41,957 - DEBUG main myLog - Client start to send the backup file
2012-10-29 09:47:42,972 - ERROR main myLog - Connection refused: connect
2012-10-29 09:47:42,972 - INFO main myLog - Trying to store recover file:client.bak
2012-10-29 09:47:43,300 - INFO main myLog - Finish store
2012-10-29 09:47:43,300 - DEBUG main myLog - client closes socket
2012-10-29 09:47:43,300 - DEBUG main myLog - Client finish to send the backup file
2012-10-29 09:47:43,300 - INFO main myLog - Trying to load recover file:backup/null
2012-10-29 09:47:43,300 - DEBUG main myLog - find no backup file
2012-10-29 09:47:43,300 - DEBUG main myLog - gather info begin
2012-10-29 09:47:43,550 - DEBUG main myLog - gather info finish, 总共：4013608行
2012-10-29 09:47:44,613 - ERROR main myLog - Connection refused: connect
2012-10-29 09:47:44,613 - INFO main myLog - Trying to store recover file:client.bak
2012-10-29 09:47:44,925 - INFO main myLog - Finish store
2012-10-29 09:47:44,925 - DEBUG main myLog - client closes socket
2012-10-29 09:49:09,303 - INFO main myLog - Server starts
2012-10-29 09:49:18,820 - INFO main myLog - Trying to load recover file:backup/client.bak
2012-10-29 09:49:19,117 - DEBUG main myLog - Delete backup file:backup/client.bak
2012-10-29 09:49:19,117 - INFO main myLog - Finish load recover file
2012-10-29 09:49:19,117 - DEBUG main myLog - Client start to send the backup file
2012-10-29 09:49:20,211 - ERROR main myLog - Connection refused: connect
2012-10-29 09:49:20,211 - INFO main myLog - Trying to store recover file:client.bak
2012-10-29 09:49:20,570 - INFO main myLog - Finish store
2012-10-29 09:49:20,570 - DEBUG main myLog - client closes socket
2012-10-29 09:49:20,570 - DEBUG main myLog - Client finish to send the backup file
2012-10-29 09:49:20,570 - INFO main myLog - Trying to load recover file:backup/null
2012-10-29 09:49:20,570 - DEBUG main myLog - find no backup file
2012-10-29 09:49:20,570 - DEBUG main myLog - gather info begin
2012-10-29 09:49:20,804 - DEBUG main myLog - gather info finish, 总共：4013608行
2012-10-29 09:49:21,758 - ERROR main myLog - Connection refused: connect
2012-10-29 09:49:21,758 - INFO main myLog - Trying to store recover file:client.bak
2012-10-29 09:49:22,054 - INFO main myLog - Finish store
2012-10-29 09:49:22,054 - DEBUG main myLog - client closes socket
2012-10-29 09:50:21,105 - INFO main myLog - Server starts
2012-10-29 09:50:33,042 - INFO main myLog - Trying to load recover file:backup/client.bak
2012-10-29 09:50:33,355 - DEBUG main myLog - Delete backup file:backup/client.bak
2012-10-29 09:50:33,355 - INFO main myLog - Finish load recover file
2012-10-29 09:50:33,355 - DEBUG main myLog - Client start to send the backup file
2012-10-29 09:50:34,292 - ERROR main myLog - Connection refused: connect
2012-10-29 09:50:34,292 - INFO main myLog - Trying to store recover file:client.bak
2012-10-29 09:50:34,620 - INFO main myLog - Finish store
2012-10-29 09:50:34,620 - DEBUG main myLog - client closes socket
2012-10-29 09:50:34,620 - DEBUG main myLog - Client finish to send the backup file
2012-10-29 09:50:34,620 - INFO main myLog - Trying to load recover file:backup/null
2012-10-29 09:50:34,620 - DEBUG main myLog - find no backup file
2012-10-29 09:50:34,620 - DEBUG main myLog - gather info begin
2012-10-29 09:50:34,855 - DEBUG main myLog - gather info finish, 总共：4013608行
2012-10-29 09:50:35,933 - ERROR main myLog - Connection refused: connect
2012-10-29 09:50:35,933 - INFO main myLog - Trying to store recover file:client.bak
2012-10-29 09:50:36,245 - INFO main myLog - Finish store
2012-10-29 09:50:36,245 - DEBUG main myLog - client closes socket
2012-10-29 09:52:59,056 - INFO main myLog - Server starts
2012-10-29 09:54:18,791 - INFO main myLog - Server starts17789
2012-10-29 09:55:08,605 - INFO main myLog - Server starts1779
2012-10-29 09:57:28,414 - INFO main myLog - Server starts1779:0.0.0.0/0.0.0.0
2012-10-29 09:58:16,166 - INFO main myLog - Server starts1779:8192
2012-10-29 09:59:28,680 - INFO main myLog - Server starts1779:ServerSocket[addr=0.0.0.0/0.0.0.0,port=0,localport=1087]
2012-10-29 10:01:24,229 - INFO main myLog - Server starts1779:ServerSocket[addr=0.0.0.0/0.0.0.0,port=0,localport=1088]
2012-10-29 10:03:22,745 - INFO main myLog - Server starts6779:ServerSocket[addr=0.0.0.0/0.0.0.0,port=0,localport=1089]
2012-10-29 10:04:36,649 - INFO main myLog - Server starts6779:ServerSocket[addr=0.0.0.0/0.0.0.0,port=0,localport=1090]
2012-10-29 10:07:10,332 - INFO main myLog - Server starts6779:ServerSocket[addr=0.0.0.0/0.0.0.0,port=0,localport=6779]
2012-10-29 10:08:19,004 - INFO main myLog - Trying to load recover file:backup/client.bak
2012-10-29 10:08:19,301 - DEBUG main myLog - Delete backup file:backup/client.bak
2012-10-29 10:08:19,301 - INFO main myLog - Finish load recover file
2012-10-29 10:08:19,301 - DEBUG main myLog - Client start to send the backup file
2012-10-29 10:08:19,316 - DEBUG main myLog - client builds socket:localhost:6779
2012-10-29 10:08:19,316 - INFO main myLog - Server accepts a new connection
2012-10-29 10:08:19,332 - INFO main myLog - Server reads an List
2012-10-29 10:08:19,847 - DEBUG main myLog - client closes socket
2012-10-29 10:08:19,847 - DEBUG main myLog - Client finish to send the backup file
2012-10-29 10:08:19,847 - INFO main myLog - Trying to load recover file:backup/null
2012-10-29 10:08:19,847 - DEBUG main myLog - find no backup file
2012-10-29 10:08:19,847 - DEBUG main myLog - gather info begin
2012-10-29 10:08:20,113 - DEBUG main myLog - gather info finish, 总共：4013608行
2012-10-29 10:08:21,144 - ERROR main myLog - Connection refused: connect
2012-10-29 10:08:21,144 - INFO main myLog - Trying to store recover file:client.bak
2012-10-29 10:08:21,441 - INFO main myLog - Finish store
2012-10-29 10:08:21,441 - DEBUG main myLog - client closes socket
2012-10-29 10:14:57,325 - INFO main myLog - Server starts6779:ServerSocket[addr=0.0.0.0/0.0.0.0,port=0,localport=6779]
2012-10-29 10:15:20,465 - INFO main myLog - Trying to load recover file:backup/client.bak
2012-10-29 10:15:20,762 - DEBUG main myLog - Delete backup file:backup/client.bak
2012-10-29 10:15:20,762 - INFO main myLog - Finish load recover file
2012-10-29 10:15:20,762 - DEBUG main myLog - Client start to send the backup file
2012-10-29 10:15:20,778 - DEBUG main myLog - client builds socket:localhost:6779
2012-10-29 10:15:20,778 - INFO main myLog - Server accepts a new connection
2012-10-29 10:15:20,809 - INFO main myLog - Server reads an List
2012-10-29 10:15:21,278 - DEBUG main myLog - client closes socket
2012-10-29 10:15:21,278 - DEBUG main myLog - Client finish to send the backup file
2012-10-29 10:15:21,278 - INFO main myLog - Trying to load recover file:backup/null
2012-10-29 10:15:21,294 - DEBUG main myLog - find no backup file
2012-10-29 10:15:21,294 - DEBUG main myLog - gather info begin
2012-10-29 10:15:21,294 - INFO Thread-0 myLog - Trying to load recover file:backup/server.bak
2012-10-29 10:15:21,294 - DEBUG Thread-0 myLog - find no backup file
2012-10-29 10:15:21,294 - DEBUG Thread-0 myLog - Starting to save list to Database
2012-10-29 10:15:21,575 - DEBUG main myLog - gather info finish, 总共：4013608行
2012-10-29 10:15:21,575 - DEBUG main myLog - client builds socket:localhost:6779
2012-10-29 10:15:22,559 - DEBUG Thread-0 myLog - Finish saving to Database
2012-10-29 10:15:22,559 - ERROR main myLog - Connection reset by peer: socket write error
2012-10-29 10:15:22,559 - INFO main myLog - Trying to store recover file:client.bak
2012-10-29 10:15:22,856 - INFO main myLog - Finish store
2012-10-29 10:15:22,856 - DEBUG main myLog - client closes socket
2012-10-29 10:16:57,157 - INFO main myLog - Server starts6779:ServerSocket[addr=0.0.0.0/0.0.0.0,port=0,localport=6779]
2012-10-29 10:17:03,048 - INFO main myLog - Trying to load recover file:backup/client.bak
2012-10-29 10:17:03,345 - DEBUG main myLog - Delete backup file:backup/client.bak
2012-10-29 10:17:03,345 - INFO main myLog - Finish load recover file
2012-10-29 10:17:03,345 - DEBUG main myLog - Client start to send the backup file
2012-10-29 10:17:03,361 - DEBUG main myLog - client builds socket:localhost:6779
2012-10-29 10:17:03,361 - INFO main myLog - Server accepts a new connection
2012-10-29 10:17:03,392 - INFO main myLog - Server reads an List
2012-10-29 10:17:03,923 - DEBUG main myLog - client closes socket
2012-10-29 10:17:03,923 - DEBUG main myLog - Client finish to send the backup file
2012-10-29 10:17:03,923 - INFO main myLog - Trying to load recover file:backup/null
2012-10-29 10:17:03,923 - DEBUG main myLog - find no backup file
2012-10-29 10:17:03,923 - DEBUG main myLog - gather info begin
2012-10-29 10:17:03,923 - INFO main myLog - Server starts6779:ServerSocket[addr=0.0.0.0/0.0.0.0,port=0,localport=6779]
2012-10-29 10:17:03,923 - INFO Thread-0 myLog - Trying to load recover file:backup/server.bak
2012-10-29 10:17:03,923 - DEBUG Thread-0 myLog - find no backup file
2012-10-29 10:17:03,923 - DEBUG Thread-0 myLog - Starting to save list to Database
2012-10-29 10:17:04,204 - DEBUG main myLog - gather info finish, 总共：4013608行
2012-10-29 10:17:04,204 - INFO main myLog - Server accepts a new connection
2012-10-29 10:17:04,204 - DEBUG main myLog - client builds socket:localhost:6779
2012-10-29 10:17:04,220 - INFO main myLog - Server reads an List
2012-10-29 10:17:04,954 - INFO main myLog - Server starts6779:ServerSocket[addr=0.0.0.0/0.0.0.0,port=0,localport=6779]
2012-10-29 10:17:04,970 - DEBUG main myLog - client closes socket
2012-10-29 10:17:04,970 - INFO Thread-1 myLog - Trying to load recover file:backup/server.bak
2012-10-29 10:17:04,970 - DEBUG Thread-1 myLog - find no backup file
2012-10-29 10:17:04,970 - DEBUG Thread-1 myLog - Starting to save list to Database
2012-10-29 10:17:05,767 - DEBUG Thread-0 myLog - Finish saving to Database
2012-10-29 10:17:06,111 - DEBUG Thread-1 myLog - Finish saving to Database
2012-10-29 10:18:08,468 - INFO main myLog - Server starts6779:ServerSocket[addr=0.0.0.0/0.0.0.0,port=0,localport=6779]
2012-10-29 10:18:15,171 - INFO main myLog - Trying to load recover file:backup/client.bak
2012-10-29 10:18:15,468 - DEBUG main myLog - Delete backup file:backup/client.bak
2012-10-29 10:18:15,468 - INFO main myLog - Finish load recover file
2012-10-29 10:18:15,468 - DEBUG main myLog - Client start to send the backup file
2012-10-29 10:18:15,484 - DEBUG main myLog - client builds socket:localhost:6779
2012-10-29 10:18:15,484 - INFO main myLog - Server accepts a new connection
2012-10-29 10:18:15,499 - INFO main myLog - Server reads an List
2012-10-29 10:18:15,999 - DEBUG main myLog - client closes socket
2012-10-29 10:18:15,999 - DEBUG main myLog - Client finish to send the backup file
2012-10-29 10:18:15,999 - INFO main myLog - Trying to load recover file:backup/null
2012-10-29 10:18:15,999 - DEBUG main myLog - find no backup file
2012-10-29 10:18:15,999 - DEBUG main myLog - gather info begin
2012-10-29 10:18:16,015 - INFO main myLog - Server starts6779:ServerSocket[addr=0.0.0.0/0.0.0.0,port=0,localport=6779]
2012-10-29 10:18:16,031 - INFO Thread-0 myLog - Trying to load recover file:backup/server.bak
2012-10-29 10:18:16,031 - DEBUG Thread-0 myLog - find no backup file
2012-10-29 10:18:16,031 - DEBUG Thread-0 myLog - Starting to save list to Database
2012-10-29 10:18:16,265 - DEBUG main myLog - gather info finish, 总共：4013608行
2012-10-29 10:18:16,265 - DEBUG main myLog - client builds socket:localhost:6779
2012-10-29 10:18:16,265 - INFO main myLog - Server accepts a new connection
2012-10-29 10:18:16,281 - INFO main myLog - Server reads an List
2012-10-29 10:18:17,187 - INFO main myLog - Server starts6779:ServerSocket[addr=0.0.0.0/0.0.0.0,port=0,localport=6779]
2012-10-29 10:18:17,187 - INFO Thread-1 myLog - Trying to load recover file:backup/server.bak
2012-10-29 10:18:17,187 - DEBUG Thread-1 myLog - find no backup file
2012-10-29 10:18:17,187 - DEBUG Thread-1 myLog - Starting to save list to Database
2012-10-29 10:18:17,218 - DEBUG main myLog - client closes socket
2012-10-29 10:18:17,781 - DEBUG Thread-0 myLog - Finish saving to Database
2012-10-29 10:18:18,171 - DEBUG Thread-1 myLog - Finish saving to Database
2012-10-29 10:28:44,429 - INFO main myLog - Server starts6779:ServerSocket[addr=0.0.0.0/0.0.0.0,port=0,localport=6779]
2012-10-29 10:28:59,868 - INFO main myLog - Trying to load recover file:backup/client.bak
2012-10-29 10:28:59,884 - DEBUG main myLog - find no backup file
2012-10-29 10:28:59,884 - INFO main myLog - Trying to load recover file:backup/null
2012-10-29 10:28:59,884 - DEBUG main myLog - find no backup file
2012-10-29 10:28:59,884 - DEBUG main myLog - gather info begin
2012-10-29 10:29:00,165 - DEBUG main myLog - gather info finish, 总共：4013608行
2012-10-29 10:29:00,181 - DEBUG main myLog - client builds socket:localhost:6779
2012-10-29 10:29:00,181 - INFO main myLog - Server accepts a new connection
2012-10-29 10:29:00,196 - INFO main myLog - Server reads an List
2012-10-29 10:29:00,665 - DEBUG main myLog - client closes socket
2012-10-29 10:29:00,665 - INFO main myLog - Server starts6779:ServerSocket[addr=0.0.0.0/0.0.0.0,port=0,localport=6779]
2012-10-29 10:29:47,474 - INFO main myLog - Server starts6779:ServerSocket[addr=0.0.0.0/0.0.0.0,port=0,localport=6779]
2012-10-29 10:29:53,802 - INFO main myLog - Trying to load recover file:backup/client.bak
2012-10-29 10:29:53,802 - DEBUG main myLog - find no backup file
2012-10-29 10:29:53,802 - INFO main myLog - Trying to load recover file:backup/null
2012-10-29 10:29:53,818 - DEBUG main myLog - find no backup file
2012-10-29 10:29:53,818 - DEBUG main myLog - gather info begin
2012-10-29 10:29:54,099 - DEBUG main myLog - gather info finish, 总共：4013608行
2012-10-29 10:29:54,114 - DEBUG main myLog - client builds socket:localhost:6779
2012-10-29 10:29:54,114 - INFO main myLog - Server accepts a new connection
2012-10-29 10:29:54,146 - INFO main myLog - Server reads an List
2012-10-29 10:29:54,599 - DEBUG main myLog - client closes socket
2012-10-29 10:29:54,614 - INFO main myLog - Server starts6779:ServerSocket[addr=0.0.0.0/0.0.0.0,port=0,localport=6779]
2012-10-29 10:29:54,614 - INFO Thread-0 myLog - Trying to load recover file:backup/server.bak
2012-10-29 10:29:54,614 - DEBUG Thread-0 myLog - find no backup file
2012-10-29 10:29:54,614 - DEBUG Thread-0 myLog - Starting to save list to Database
2012-10-29 10:29:55,646 - DEBUG Thread-0 myLog - Finish saving to Database
